# JRE version: OpenJDK Runtime Environment (11.0.12+7) (build 11.0.12+7-b1504.28-7817840)
# Java VM: OpenJDK 64-Bit Server VM (11.0.12+7-b1504.28-7817840, mixed mode, tiered, compressed oops, g1 gc, windows-amd64)
Heap:
 garbage-first heap   total 340992K, used 56015K [0x0000000080000000, 0x0000000100000000)
  region size 1024K, 11 young (11264K), 11 survivors (11264K)
 Metaspace       used 67339K, capacity 68969K, committed 69068K, reserved 1110016K
  class space    used 8513K, capacity 9134K, committed 9216K, reserved 1048576K
GC Heap History (17 events):
Event: 0.455 GC heap before
{Heap before GC invocations=0 (full 0):
 garbage-first heap   total 196608K, used 20480K [0x0000000080000000, 0x0000000100000000)
  region size 1024K, 14 young (14336K), 0 survivors (0K)
 Metaspace       used 6681K, capacity 6865K, committed 7168K, reserved 1056768K
  class space    used 584K, capacity 650K, committed 768K, reserved 1048576K
}
Event: 0.483 GC heap after
{Heap after GC invocations=1 (full 0):
 garbage-first heap   total 196608K, used 7884K [0x0000000080000000, 0x0000000100000000)
  region size 1024K, 2 young (2048K), 2 survivors (2048K)
 Metaspace       used 6681K, capacity 6865K, committed 7168K, reserved 1056768K
  class space    used 584K, capacity 650K, committed 768K, reserved 1048576K
}
Event: 1.284 GC heap before
{Heap before GC invocations=1 (full 0):
 garbage-first heap   total 196608K, used 71372K [0x0000000080000000, 0x0000000100000000)
  region size 1024K, 64 young (65536K), 2 survivors (2048K)
 Metaspace       used 12937K, capacity 13267K, committed 13312K, reserved 1060864K
  class space    used 1420K, capacity 1532K, committed 1536K, reserved 1048576K
}
Event: 1.291 GC heap after
{Heap after GC invocations=2 (full 0):
 garbage-first heap   total 196608K, used 14767K [0x0000000080000000, 0x0000000100000000)
  region size 1024K, 8 young (8192K), 8 survivors (8192K)
 Metaspace       used 12937K, capacity 13267K, committed 13312K, reserved 1060864K
  class space    used 1420K, capacity 1532K, committed 1536K, reserved 1048576K
}
Event: 1.800 GC heap before
{Heap before GC invocations=2 (full 0):
 garbage-first heap   total 196608K, used 34223K [0x0000000080000000, 0x0000000100000000)
  region size 1024K, 27 young (27648K), 8 survivors (8192K)
 Metaspace       used 17604K, capacity 18041K, committed 18176K, reserved 1064960K
  class space    used 2083K, capacity 2211K, committed 2304K, reserved 1048576K
}
Event: 1.810 GC heap after
{Heap after GC invocations=3 (full 0):
 garbage-first heap   total 196608K, used 16746K [0x0000000080000000, 0x0000000100000000)
  region size 1024K, 2 young (2048K), 2 survivors (2048K)
 Metaspace       used 17604K, capacity 18041K, committed 18176K, reserved 1064960K
  class space    used 2083K, capacity 2211K, committed 2304K, reserved 1048576K
}
Event: 2.037 GC heap before
{Heap before GC invocations=3 (full 0):
 garbage-first heap   total 196608K, used 44394K [0x0000000080000000, 0x0000000100000000)
  region size 1024K, 30 young (30720K), 2 survivors (2048K)
 Metaspace       used 20719K, capacity 21150K, committed 21296K, reserved 1069056K
  class space    used 2554K, capacity 2715K, committed 2816K, reserved 1048576K
}
Event: 2.044 GC heap after
{Heap after GC invocations=4 (full 0):
 garbage-first heap   total 196608K, used 17537K [0x0000000080000000, 0x0000000100000000)
  region size 1024K, 3 young (3072K), 3 survivors (3072K)
 Metaspace       used 20719K, capacity 21150K, committed 21296K, reserved 1069056K
  class space    used 2554K, capacity 2715K, committed 2816K, reserved 1048576K
}
Event: 2.728 GC heap before
{Heap before GC invocations=5 (full 0):
 garbage-first heap   total 196608K, used 75905K [0x0000000080000000, 0x0000000100000000)
  region size 1024K, 60 young (61440K), 3 survivors (3072K)
 Metaspace       used 26687K, capacity 27339K, committed 27520K, reserved 1073152K
  class space    used 3486K, capacity 3698K, committed 3712K, reserved 1048576K
}
Event: 2.738 GC heap after
{Heap after GC invocations=6 (full 0):
 garbage-first heap   total 264192K, used 19777K [0x0000000080000000, 0x0000000100000000)
  region size 1024K, 5 young (5120K), 5 survivors (5120K)
 Metaspace       used 26687K, capacity 27339K, committed 27520K, reserved 1073152K
  class space    used 3486K, capacity 3698K, committed 3712K, reserved 1048576K
}
Event: 3.735 GC heap before
{Heap before GC invocations=7 (full 0):
 garbage-first heap   total 264192K, used 93505K [0x0000000080000000, 0x0000000100000000)
  region size 1024K, 78 young (79872K), 5 survivors (5120K)
 Metaspace       used 36985K, capacity 37794K, committed 37888K, reserved 1081344K
  class space    used 4744K, capacity 5060K, committed 5120K, reserved 1048576K
}
Event: 3.752 GC heap after
{Heap after GC invocations=8 (full 0):
 garbage-first heap   total 264192K, used 25476K [0x0000000080000000, 0x0000000100000000)
  region size 1024K, 10 young (10240K), 10 survivors (10240K)
 Metaspace       used 36985K, capacity 37794K, committed 37888K, reserved 1081344K
  class space    used 4744K, capacity 5060K, committed 5120K, reserved 1048576K
}
Event: 4.857 GC heap before
{Heap before GC invocations=8 (full 0):
 garbage-first heap   total 264192K, used 125828K [0x0000000080000000, 0x0000000100000000)
  region size 1024K, 105 young (107520K), 10 survivors (10240K)
 Metaspace       used 45068K, capacity 46043K, committed 46080K, reserved 1089536K
  class space    used 5781K, capacity 6133K, committed 6144K, reserved 1048576K
}
Event: 4.898 GC heap after
{Heap after GC invocations=9 (full 0):
 garbage-first heap   total 264192K, used 29395K [0x0000000080000000, 0x0000000100000000)
  region size 1024K, 10 young (10240K), 10 survivors (10240K)
 Metaspace       used 45068K, capacity 46043K, committed 46080K, reserved 1089536K
  class space    used 5781K, capacity 6133K, committed 6144K, reserved 1048576K
}
Event: 7.035 GC heap before
{Heap before GC invocations=10 (full 0):
 garbage-first heap   total 264192K, used 168659K [0x0000000080000000, 0x0000000100000000)
  region size 1024K, 142 young (145408K), 10 survivors (10240K)
 Metaspace       used 56698K, capacity 58007K, committed 58188K, reserved 1099776K
  class space    used 7192K, capacity 7699K, committed 7808K, reserved 1048576K
}
Event: 7.071 GC heap after
{Heap after GC invocations=11 (full 0):
 garbage-first heap   total 264192K, used 45635K [0x0000000080000000, 0x0000000100000000)
  region size 1024K, 17 young (17408K), 17 survivors (17408K)
 Metaspace       used 56698K, capacity 58007K, committed 58188K, reserved 1099776K
  class space    used 7192K, capacity 7699K, committed 7808K, reserved 1048576K
}
Event: 8.859 GC heap before
{Heap before GC invocations=12 (full 0):
 garbage-first heap   total 264192K, used 182851K [0x0000000080000000, 0x0000000100000000)
  region size 1024K, 151 young (154624K), 17 survivors (17408K)
 Metaspace       used 67339K, capacity 68969K, committed 69068K, reserved 1110016K
  class space    used 8513K, capacity 9134K, committed 9216K, reserved 1048576K
}

