# JRE version: OpenJDK Runtime Environment (11.0.12+7) (build 11.0.12+7-b1504.28-7817840)
# Java VM: OpenJDK 64-Bit Server VM (11.0.12+7-b1504.28-7817840, mixed mode, tiered, compressed oops, g1 gc, windows-amd64)
Heap:
 garbage-first heap   total 303104K, used 86980K [0x0000000080000000, 0x0000000100000000)
  region size 1024K, 41 young (41984K), 14 survivors (14336K)
 Metaspace       used 78412K, capacity 80157K, committed 80384K, reserved 1118208K
  class space    used 10226K, capacity 10887K, committed 11008K, reserved 1048576K
GC Heap History (20 events):
Event: 0.628 GC heap before
{Heap before GC invocations=1 (full 0):
 garbage-first heap   total 196608K, used 18822K [0x0000000080000000, 0x0000000100000000)
  region size 1024K, 13 young (13312K), 2 survivors (2048K)
 Metaspace       used 10232K, capacity 10493K, committed 10624K, reserved 1058816K
  class space    used 1071K, capacity 1139K, committed 1152K, reserved 1048576K
}
Event: 0.631 GC heap after
{Heap after GC invocations=2 (full 0):
 garbage-first heap   total 196608K, used 9607K [0x0000000080000000, 0x0000000100000000)
  region size 1024K, 2 young (2048K), 2 survivors (2048K)
 Metaspace       used 10232K, capacity 10493K, committed 10624K, reserved 1058816K
  class space    used 1071K, capacity 1139K, committed 1152K, reserved 1048576K
}
Event: 0.856 GC heap before
{Heap before GC invocations=2 (full 0):
 garbage-first heap   total 196608K, used 39303K [0x0000000080000000, 0x0000000100000000)
  region size 1024K, 30 young (30720K), 2 survivors (2048K)
 Metaspace       used 11186K, capacity 11448K, committed 11520K, reserved 1058816K
  class space    used 1172K, capacity 1244K, committed 1280K, reserved 1048576K
}
Event: 0.859 GC heap after
{Heap after GC invocations=3 (full 0):
 garbage-first heap   total 196608K, used 12045K [0x0000000080000000, 0x0000000100000000)
  region size 1024K, 4 young (4096K), 4 survivors (4096K)
 Metaspace       used 11186K, capacity 11448K, committed 11520K, reserved 1058816K
  class space    used 1172K, capacity 1244K, committed 1280K, reserved 1048576K
}
Event: 1.666 GC heap before
{Heap before GC invocations=3 (full 0):
 garbage-first heap   total 196608K, used 54029K [0x0000000080000000, 0x0000000100000000)
  region size 1024K, 46 young (47104K), 4 survivors (4096K)
 Metaspace       used 17511K, capacity 17945K, committed 18176K, reserved 1064960K
  class space    used 2065K, capacity 2179K, committed 2304K, reserved 1048576K
}
Event: 1.674 GC heap after
{Heap after GC invocations=4 (full 0):
 garbage-first heap   total 196608K, used 15895K [0x0000000080000000, 0x0000000100000000)
  region size 1024K, 6 young (6144K), 6 survivors (6144K)
 Metaspace       used 17511K, capacity 17945K, committed 18176K, reserved 1064960K
  class space    used 2065K, capacity 2179K, committed 2304K, reserved 1048576K
}
Event: 1.975 GC heap before
{Heap before GC invocations=4 (full 0):
 garbage-first heap   total 196608K, used 46615K [0x0000000080000000, 0x0000000100000000)
  region size 1024K, 37 young (37888K), 6 survivors (6144K)
 Metaspace       used 20719K, capacity 21147K, committed 21296K, reserved 1069056K
  class space    used 2551K, capacity 2714K, committed 2816K, reserved 1048576K
}
Event: 1.982 GC heap after
{Heap after GC invocations=5 (full 0):
 garbage-first heap   total 196608K, used 17384K [0x0000000080000000, 0x0000000100000000)
  region size 1024K, 6 young (6144K), 6 survivors (6144K)
 Metaspace       used 20719K, capacity 21147K, committed 21296K, reserved 1069056K
  class space    used 2551K, capacity 2714K, committed 2816K, reserved 1048576K
}
Event: 2.735 GC heap before
{Heap before GC invocations=6 (full 0):
 garbage-first heap   total 196608K, used 77800K [0x0000000080000000, 0x0000000100000000)
  region size 1024K, 65 young (66560K), 6 survivors (6144K)
 Metaspace       used 26704K, capacity 27339K, committed 27520K, reserved 1073152K
  class space    used 3484K, capacity 3698K, committed 3712K, reserved 1048576K
}
Event: 2.752 GC heap after
{Heap after GC invocations=7 (full 0):
 garbage-first heap   total 236544K, used 19858K [0x0000000080000000, 0x0000000100000000)
  region size 1024K, 4 young (4096K), 4 survivors (4096K)
 Metaspace       used 26704K, capacity 27339K, committed 27520K, reserved 1073152K
  class space    used 3484K, capacity 3698K, committed 3712K, reserved 1048576K
}
Event: 4.408 GC heap before
{Heap before GC invocations=8 (full 0):
 garbage-first heap   total 236544K, used 143762K [0x0000000080000000, 0x0000000100000000)
  region size 1024K, 123 young (125952K), 4 survivors (4096K)
 Metaspace       used 40342K, capacity 41297K, committed 41344K, reserved 1085440K
  class space    used 5129K, capacity 5477K, committed 5504K, reserved 1048576K
}
Event: 4.427 GC heap after
{Heap after GC invocations=9 (full 0):
 garbage-first heap   total 236544K, used 28023K [0x0000000080000000, 0x0000000100000000)
  region size 1024K, 12 young (12288K), 12 survivors (12288K)
 Metaspace       used 40342K, capacity 41297K, committed 41344K, reserved 1085440K
  class space    used 5129K, capacity 5477K, committed 5504K, reserved 1048576K
}
Event: 5.132 GC heap before
{Heap before GC invocations=9 (full 0):
 garbage-first heap   total 236544K, used 78199K [0x0000000080000000, 0x0000000100000000)
  region size 1024K, 61 young (62464K), 12 survivors (12288K)
 Metaspace       used 44856K, capacity 45783K, committed 45824K, reserved 1089536K
  class space    used 5751K, capacity 6132K, committed 6144K, reserved 1048576K
}
Event: 5.154 GC heap after
{Heap after GC invocations=10 (full 0):
 garbage-first heap   total 236544K, used 29881K [0x0000000080000000, 0x0000000100000000)
  region size 1024K, 11 young (11264K), 11 survivors (11264K)
 Metaspace       used 44856K, capacity 45783K, committed 45824K, reserved 1089536K
  class space    used 5751K, capacity 6132K, committed 6144K, reserved 1048576K
}
Event: 7.358 GC heap before
{Heap before GC invocations=11 (full 0):
 garbage-first heap   total 236544K, used 164025K [0x0000000080000000, 0x0000000100000000)
  region size 1024K, 138 young (141312K), 11 survivors (11264K)
 Metaspace       used 54515K, capacity 55814K, committed 55936K, reserved 1097728K
  class space    used 6983K, capacity 7501K, committed 7552K, reserved 1048576K
}
Event: 7.387 GC heap after
{Heap after GC invocations=12 (full 0):
 garbage-first heap   total 236544K, used 46311K [0x0000000080000000, 0x0000000100000000)
  region size 1024K, 15 young (15360K), 15 survivors (15360K)
 Metaspace       used 54515K, capacity 55814K, committed 55936K, reserved 1097728K
  class space    used 6983K, capacity 7501K, committed 7552K, reserved 1048576K
}
Event: 9.053 GC heap before
{Heap before GC invocations=12 (full 0):
 garbage-first heap   total 236544K, used 172263K [0x0000000080000000, 0x0000000100000000)
  region size 1024K, 138 young (141312K), 15 survivors (15360K)
 Metaspace       used 66373K, capacity 67900K, committed 68224K, reserved 1107968K
  class space    used 8399K, capacity 8973K, committed 9088K, reserved 1048576K
}
Event: 9.077 GC heap after
{Heap after GC invocations=13 (full 0):
 garbage-first heap   total 303104K, used 55748K [0x0000000080000000, 0x0000000100000000)
  region size 1024K, 10 young (10240K), 10 survivors (10240K)
 Metaspace       used 66373K, capacity 67900K, committed 68224K, reserved 1107968K
  class space    used 8399K, capacity 8973K, committed 9088K, reserved 1048576K
}
Event: 10.574 GC heap before
{Heap before GC invocations=13 (full 0):
 garbage-first heap   total 303104K, used 156100K [0x0000000080000000, 0x0000000100000000)
  region size 1024K, 109 young (111616K), 10 survivors (10240K)
 Metaspace       used 75036K, capacity 76650K, committed 76800K, reserved 1116160K
  class space    used 9745K, capacity 10372K, committed 10496K, reserved 1048576K
}
Event: 10.619 GC heap after
{Heap after GC invocations=14 (full 0):
 garbage-first heap   total 303104K, used 60356K [0x0000000080000000, 0x0000000100000000)
  region size 1024K, 14 young (14336K), 14 survivors (14336K)
 Metaspace       used 75036K, capacity 76650K, committed 76800K, reserved 1116160K
  class space    used 9745K, capacity 10372K, committed 10496K, reserved 1048576K
}

