# JRE version: OpenJDK Runtime Environment (11.0.12+7) (build 11.0.12+7-b1504.28-7817840)
# Java VM: OpenJDK 64-Bit Server VM (11.0.12+7-b1504.28-7817840, mixed mode, tiered, compressed oops, g1 gc, windows-amd64)
Heap:
 garbage-first heap   total 313344K, used 45784K [0x0000000080000000, 0x0000000100000000)
  region size 1024K, 13 young (13312K), 13 survivors (13312K)
 Metaspace       used 56538K, capacity 57780K, committed 57856K, reserved 1107968K
  class space    used 7166K, capacity 7663K, committed 7680K, reserved 1048576K
GC Heap History (20 events):
Event: 0.486 GC heap before
{Heap before GC invocations=0 (full 0):
 garbage-first heap   total 196608K, used 20480K [0x0000000080000000, 0x0000000100000000)
  region size 1024K, 14 young (14336K), 0 survivors (0K)
 Metaspace       used 6732K, capacity 6937K, committed 7168K, reserved 1056768K
  class space    used 584K, capacity 650K, committed 768K, reserved 1048576K
}
Event: 0.490 GC heap after
{Heap after GC invocations=1 (full 0):
 garbage-first heap   total 196608K, used 7843K [0x0000000080000000, 0x0000000100000000)
  region size 1024K, 2 young (2048K), 2 survivors (2048K)
 Metaspace       used 6732K, capacity 6937K, committed 7168K, reserved 1056768K
  class space    used 584K, capacity 650K, committed 768K, reserved 1048576K
}
Event: 0.840 GC heap before
{Heap before GC invocations=1 (full 0):
 garbage-first heap   total 196608K, used 20131K [0x0000000080000000, 0x0000000100000000)
  region size 1024K, 14 young (14336K), 2 survivors (2048K)
 Metaspace       used 10174K, capacity 10437K, committed 10624K, reserved 1058816K
  class space    used 1071K, capacity 1139K, committed 1152K, reserved 1048576K
}
Event: 0.869 GC heap after
{Heap after GC invocations=2 (full 0):
 garbage-first heap   total 196608K, used 9729K [0x0000000080000000, 0x0000000100000000)
  region size 1024K, 2 young (2048K), 2 survivors (2048K)
 Metaspace       used 10174K, capacity 10437K, committed 10624K, reserved 1058816K
  class space    used 1071K, capacity 1139K, committed 1152K, reserved 1048576K
}
Event: 1.153 GC heap before
{Heap before GC invocations=2 (full 0):
 garbage-first heap   total 196608K, used 39425K [0x0000000080000000, 0x0000000100000000)
  region size 1024K, 31 young (31744K), 2 survivors (2048K)
 Metaspace       used 11122K, capacity 11392K, committed 11520K, reserved 1058816K
  class space    used 1172K, capacity 1244K, committed 1280K, reserved 1048576K
}
Event: 1.161 GC heap after
{Heap after GC invocations=3 (full 0):
 garbage-first heap   total 196608K, used 12537K [0x0000000080000000, 0x0000000100000000)
  region size 1024K, 4 young (4096K), 4 survivors (4096K)
 Metaspace       used 11122K, capacity 11392K, committed 11520K, reserved 1058816K
  class space    used 1172K, capacity 1244K, committed 1280K, reserved 1048576K
}
Event: 2.173 GC heap before
{Heap before GC invocations=3 (full 0):
 garbage-first heap   total 196608K, used 56569K [0x0000000080000000, 0x0000000100000000)
  region size 1024K, 47 young (48128K), 4 survivors (4096K)
 Metaspace       used 17666K, capacity 18049K, committed 18176K, reserved 1064960K
  class space    used 2093K, capacity 2211K, committed 2304K, reserved 1048576K
}
Event: 2.179 GC heap after
{Heap after GC invocations=4 (full 0):
 garbage-first heap   total 196608K, used 16572K [0x0000000080000000, 0x0000000100000000)
  region size 1024K, 6 young (6144K), 6 survivors (6144K)
 Metaspace       used 17666K, capacity 18049K, committed 18176K, reserved 1064960K
  class space    used 2093K, capacity 2211K, committed 2304K, reserved 1048576K
}
Event: 2.416 GC heap before
{Heap before GC invocations=4 (full 0):
 garbage-first heap   total 196608K, used 41148K [0x0000000080000000, 0x0000000100000000)
  region size 1024K, 31 young (31744K), 6 survivors (6144K)
 Metaspace       used 20629K, capacity 21085K, committed 21248K, reserved 1067008K
  class space    used 2540K, capacity 2712K, committed 2816K, reserved 1048576K
}
Event: 2.425 GC heap after
{Heap after GC invocations=5 (full 0):
 garbage-first heap   total 261120K, used 17569K [0x0000000080000000, 0x0000000100000000)
  region size 1024K, 5 young (5120K), 5 survivors (5120K)
 Metaspace       used 20629K, capacity 21085K, committed 21248K, reserved 1067008K
  class space    used 2540K, capacity 2712K, committed 2816K, reserved 1048576K
}
Event: 3.213 GC heap before
{Heap before GC invocations=6 (full 0):
 garbage-first heap   total 261120K, used 69793K [0x0000000080000000, 0x0000000100000000)
  region size 1024K, 56 young (57344K), 5 survivors (5120K)
 Metaspace       used 26214K, capacity 26727K, committed 27008K, reserved 1073152K
  class space    used 3415K, capacity 3598K, committed 3712K, reserved 1048576K
}
Event: 3.240 GC heap after
{Heap after GC invocations=7 (full 0):
 garbage-first heap   total 261120K, used 19633K [0x0000000080000000, 0x0000000100000000)
  region size 1024K, 3 young (3072K), 3 survivors (3072K)
 Metaspace       used 26214K, capacity 26727K, committed 27008K, reserved 1073152K
  class space    used 3415K, capacity 3598K, committed 3712K, reserved 1048576K
}
Event: 4.245 GC heap before
{Heap before GC invocations=7 (full 0):
 garbage-first heap   total 261120K, used 80049K [0x0000000080000000, 0x0000000100000000)
  region size 1024K, 63 young (64512K), 3 survivors (3072K)
 Metaspace       used 35036K, capacity 35749K, committed 35840K, reserved 1081344K
  class space    used 4534K, capacity 4824K, committed 4864K, reserved 1048576K
}
Event: 4.258 GC heap after
{Heap after GC invocations=8 (full 0):
 garbage-first heap   total 261120K, used 23007K [0x0000000080000000, 0x0000000100000000)
  region size 1024K, 7 young (7168K), 7 survivors (7168K)
 Metaspace       used 35036K, capacity 35749K, committed 35840K, reserved 1081344K
  class space    used 4534K, capacity 4824K, committed 4864K, reserved 1048576K
}
Event: 5.485 GC heap before
{Heap before GC invocations=9 (full 0):
 garbage-first heap   total 261120K, used 121311K [0x0000000080000000, 0x0000000100000000)
  region size 1024K, 100 young (102400K), 7 survivors (7168K)
 Metaspace       used 43371K, capacity 44316K, committed 44544K, reserved 1087488K
  class space    used 5502K, capacity 5833K, committed 5888K, reserved 1048576K
}
Event: 5.500 GC heap after
{Heap after GC invocations=10 (full 0):
 garbage-first heap   total 261120K, used 29348K [0x0000000080000000, 0x0000000100000000)
  region size 1024K, 13 young (13312K), 13 survivors (13312K)
 Metaspace       used 43371K, capacity 44316K, committed 44544K, reserved 1087488K
  class space    used 5502K, capacity 5833K, committed 5888K, reserved 1048576K
}
Event: 7.549 GC heap before
{Heap before GC invocations=10 (full 0):
 garbage-first heap   total 261120K, used 175780K [0x0000000080000000, 0x0000000100000000)
  region size 1024K, 153 young (156672K), 13 survivors (13312K)
 Metaspace       used 53046K, capacity 54347K, committed 54400K, reserved 1095680K
  class space    used 6759K, capacity 7286K, committed 7296K, reserved 1048576K
}
Event: 7.575 GC heap after
{Heap after GC invocations=11 (full 0):
 garbage-first heap   total 313344K, used 44421K [0x0000000080000000, 0x0000000100000000)
  region size 1024K, 20 young (20480K), 20 survivors (20480K)
 Metaspace       used 53046K, capacity 54347K, committed 54400K, reserved 1095680K
  class space    used 6759K, capacity 7286K, committed 7296K, reserved 1048576K
}
Event: 7.938 GC heap before
{Heap before GC invocations=11 (full 0):
 garbage-first heap   total 313344K, used 64901K [0x0000000080000000, 0x0000000100000000)
  region size 1024K, 41 young (41984K), 20 survivors (20480K)
 Metaspace       used 56538K, capacity 57780K, committed 57856K, reserved 1105920K
  class space    used 7166K, capacity 7663K, committed 7680K, reserved 1048576K
}
Event: 7.964 GC heap after
{Heap after GC invocations=12 (full 0):
 garbage-first heap   total 313344K, used 45784K [0x0000000080000000, 0x0000000100000000)
  region size 1024K, 13 young (13312K), 13 survivors (13312K)
 Metaspace       used 56538K, capacity 57780K, committed 57856K, reserved 1105920K
  class space    used 7166K, capacity 7663K, committed 7680K, reserved 1048576K
}

