# JRE version: OpenJDK Runtime Environment (11.0.12+7) (build 11.0.12+7-b1504.28-7817840)
# Java VM: OpenJDK 64-Bit Server VM (11.0.12+7-b1504.28-7817840, mixed mode, tiered, compressed oops, g1 gc, windows-amd64)
Heap:
 garbage-first heap   total 321536K, used 131072K [0x0000000080000000, 0x0000000100000000)
  region size 1024K, 36 young (36864K), 7 survivors (7168K)
 Metaspace       used 99130K, capacity 101406K, committed 101632K, reserved 1138688K
  class space    used 12419K, capacity 13280K, committed 13312K, reserved 1048576K
GC Heap History (20 events):
Event: 3.034 GC heap before
{Heap before GC invocations=5 (full 0):
 garbage-first heap   total 196608K, used 76450K [0x0000000080000000, 0x0000000100000000)
  region size 1024K, 61 young (62464K), 3 survivors (3072K)
 Metaspace       used 26635K, capacity 27205K, committed 27264K, reserved 1073152K
  class space    used 3469K, capacity 3696K, committed 3712K, reserved 1048576K
}
Event: 3.040 GC heap after
{Heap after GC invocations=6 (full 0):
 garbage-first heap   total 196608K, used 19112K [0x0000000080000000, 0x0000000100000000)
  region size 1024K, 5 young (5120K), 5 survivors (5120K)
 Metaspace       used 26635K, capacity 27205K, committed 27264K, reserved 1073152K
  class space    used 3469K, capacity 3696K, committed 3712K, reserved 1048576K
}
Event: 3.851 GC heap before
{Heap before GC invocations=6 (full 0):
 garbage-first heap   total 196608K, used 73384K [0x0000000080000000, 0x0000000100000000)
  region size 1024K, 59 young (60416K), 5 survivors (5120K)
 Metaspace       used 35059K, capacity 35741K, committed 35840K, reserved 1081344K
  class space    used 4536K, capacity 4824K, committed 4864K, reserved 1048576K
}
Event: 3.865 GC heap after
{Heap after GC invocations=7 (full 0):
 garbage-first heap   total 196608K, used 22434K [0x0000000080000000, 0x0000000100000000)
  region size 1024K, 8 young (8192K), 8 survivors (8192K)
 Metaspace       used 35059K, capacity 35741K, committed 35840K, reserved 1081344K
  class space    used 4536K, capacity 4824K, committed 4864K, reserved 1048576K
}
Event: 5.098 GC heap before
{Heap before GC invocations=8 (full 0):
 garbage-first heap   total 196608K, used 111522K [0x0000000080000000, 0x0000000100000000)
  region size 1024K, 93 young (95232K), 8 survivors (8192K)
 Metaspace       used 42169K, capacity 43068K, committed 43264K, reserved 1087488K
  class space    used 5413K, capacity 5761K, committed 5888K, reserved 1048576K
}
Event: 5.118 GC heap after
{Heap after GC invocations=9 (full 0):
 garbage-first heap   total 267264K, used 29143K [0x0000000080000000, 0x0000000100000000)
  region size 1024K, 12 young (12288K), 12 survivors (12288K)
 Metaspace       used 42169K, capacity 43068K, committed 43264K, reserved 1087488K
  class space    used 5413K, capacity 5761K, committed 5888K, reserved 1048576K
}
Event: 7.279 GC heap before
{Heap before GC invocations=9 (full 0):
 garbage-first heap   total 267264K, used 180695K [0x0000000080000000, 0x0000000100000000)
  region size 1024K, 156 young (159744K), 12 survivors (12288K)
 Metaspace       used 52379K, capacity 53648K, committed 53760K, reserved 1095680K
  class space    used 6680K, capacity 7159K, committed 7168K, reserved 1048576K
}
Event: 7.303 GC heap after
{Heap after GC invocations=10 (full 0):
 garbage-first heap   total 267264K, used 44242K [0x0000000080000000, 0x0000000100000000)
  region size 1024K, 20 young (20480K), 20 survivors (20480K)
 Metaspace       used 52379K, capacity 53648K, committed 53760K, reserved 1095680K
  class space    used 6680K, capacity 7159K, committed 7168K, reserved 1048576K
}
Event: 8.079 GC heap before
{Heap before GC invocations=10 (full 0):
 garbage-first heap   total 267264K, used 87250K [0x0000000080000000, 0x0000000100000000)
  region size 1024K, 63 young (64512K), 20 survivors (20480K)
 Metaspace       used 58827K, capacity 60095K, committed 60160K, reserved 1101824K
  class space    used 7433K, capacity 7919K, committed 7936K, reserved 1048576K
}
Event: 8.113 GC heap after
{Heap after GC invocations=11 (full 0):
 garbage-first heap   total 267264K, used 47244K [0x0000000080000000, 0x0000000100000000)
  region size 1024K, 3 young (3072K), 3 survivors (3072K)
 Metaspace       used 58827K, capacity 60095K, committed 60160K, reserved 1101824K
  class space    used 7433K, capacity 7919K, committed 7936K, reserved 1048576K
}
Event: 9.608 GC heap before
{Heap before GC invocations=12 (full 0):
 garbage-first heap   total 267264K, used 151692K [0x0000000080000000, 0x0000000100000000)
  region size 1024K, 105 young (107520K), 3 survivors (3072K)
 Metaspace       used 66302K, capacity 67766K, committed 67968K, reserved 1107968K
  class space    used 8401K, capacity 8970K, committed 9088K, reserved 1048576K
}
Event: 9.644 GC heap after
{Heap after GC invocations=13 (full 0):
 garbage-first heap   total 267264K, used 54719K [0x0000000080000000, 0x0000000100000000)
  region size 1024K, 10 young (10240K), 10 survivors (10240K)
 Metaspace       used 66302K, capacity 67766K, committed 67968K, reserved 1107968K
  class space    used 8401K, capacity 8970K, committed 9088K, reserved 1048576K
}
Event: 11.287 GC heap before
{Heap before GC invocations=14 (full 0):
 garbage-first heap   total 267264K, used 164287K [0x0000000080000000, 0x0000000100000000)
  region size 1024K, 117 young (119808K), 10 survivors (10240K)
 Metaspace       used 76659K, capacity 78338K, committed 78592K, reserved 1118208K
  class space    used 10019K, capacity 10667K, committed 10752K, reserved 1048576K
}
Event: 11.322 GC heap after
{Heap after GC invocations=15 (full 0):
 garbage-first heap   total 321536K, used 60575K [0x0000000080000000, 0x0000000100000000)
  region size 1024K, 6 young (6144K), 6 survivors (6144K)
 Metaspace       used 76659K, capacity 78338K, committed 78592K, reserved 1118208K
  class space    used 10019K, capacity 10667K, committed 10752K, reserved 1048576K
}
Event: 13.823 GC heap before
{Heap before GC invocations=15 (full 0):
 garbage-first heap   total 321536K, used 198815K [0x0000000080000000, 0x0000000100000000)
  region size 1024K, 140 young (143360K), 6 survivors (6144K)
 Metaspace       used 84874K, capacity 86953K, committed 87040K, reserved 1124352K
  class space    used 10987K, capacity 11749K, committed 11776K, reserved 1048576K
}
Event: 13.863 GC heap after
{Heap after GC invocations=16 (full 0):
 garbage-first heap   total 321536K, used 79637K [0x0000000080000000, 0x0000000100000000)
  region size 1024K, 18 young (18432K), 18 survivors (18432K)
 Metaspace       used 84874K, capacity 86953K, committed 87040K, reserved 1124352K
  class space    used 10987K, capacity 11749K, committed 11776K, reserved 1048576K
}
Event: 15.871 GC heap before
{Heap before GC invocations=16 (full 0):
 garbage-first heap   total 321536K, used 228117K [0x0000000080000000, 0x0000000100000000)
  region size 1024K, 147 young (150528K), 18 survivors (18432K)
 Metaspace       used 90976K, capacity 93133K, committed 93440K, reserved 1130496K
  class space    used 11648K, capacity 12475K, committed 12544K, reserved 1048576K
}
Event: 15.915 GC heap after
{Heap after GC invocations=17 (full 0):
 garbage-first heap   total 321536K, used 95484K [0x0000000080000000, 0x0000000100000000)
  region size 1024K, 16 young (16384K), 16 survivors (16384K)
 Metaspace       used 90976K, capacity 93133K, committed 93440K, reserved 1130496K
  class space    used 11648K, capacity 12475K, committed 12544K, reserved 1048576K
}
Event: 31.618 GC heap before
{Heap before GC invocations=17 (full 0):
 garbage-first heap   total 321536K, used 221436K [0x0000000080000000, 0x0000000100000000)
  region size 1024K, 140 young (143360K), 16 survivors (16384K)
 Metaspace       used 98605K, capacity 100894K, committed 101120K, reserved 1136640K
  class space    used 12415K, capacity 13271K, committed 13312K, reserved 1048576K
}
Event: 31.648 GC heap after
{Heap after GC invocations=18 (full 0):
 garbage-first heap   total 321536K, used 102400K [0x0000000080000000, 0x0000000100000000)
  region size 1024K, 7 young (7168K), 7 survivors (7168K)
 Metaspace       used 98605K, capacity 100894K, committed 101120K, reserved 1136640K
  class space    used 12415K, capacity 13271K, committed 13312K, reserved 1048576K
}

